<?xml version="1.0" encoding="UTF-8"?>
<!-- Generated by org.testng.reporters.JUnitXMLReporter -->
<testsuite ignored="0" hostname="DESKTOP-GU59BOE" failures="1" tests="3" name="cucumber-htnl-report-demo" time="56.864" errors="0" timestamp="2022-09-24T21:37:43 BDT">
  <testcase classname="io.cucumber.testng.AbstractTestNGCucumberTests" name="runScenario" time="16.752"/>
  <testcase classname="io.cucumber.testng.AbstractTestNGCucumberTests" name="runScenario" time="22.352"/>
  <testcase classname="io.cucumber.testng.AbstractTestNGCucumberTests" name="runScenario" time="12.739">
    <failure type="java.lang.AssertionError" message="expected [Your email or password is incorrect.(Intentionally Result Failing Text)] but found [Your email or password is incorrect.]">
      <![CDATA[java.lang.AssertionError: expected [Your email or password is incorrect.(Intentionally Result Failing Text)] but found [Your email or password is incorrect.]
at org.testng.Assert.fail(Assert.java:110)
at org.testng.Assert.failNotEquals(Assert.java:1413)
at org.testng.Assert.assertEqualsImpl(Assert.java:149)
at org.testng.Assert.assertEquals(Assert.java:131)
at org.testng.Assert.assertEquals(Assert.java:655)
at org.testng.Assert.assertEquals(Assert.java:665)
at steps.LoginSteps.loginShouldFailWithAnError(LoginSteps.java:71)
at ✽.login should fail with an error "Your email or password is incorrect.(Intentionally Result Failing Text)"(file:///C:/Users/Asus/IdeaProjects/cucumber-htnl-report-demo/src/test/resources/features/login.feature:31)
]]>
    </failure>
  </testcase> <!-- runScenario -->
</testsuite> <!-- cucumber-htnl-report-demo -->
