<?xml version="1.0" encoding="UTF-8"?>
<!-- Generated by org.testng.reporters.JUnitReportReporter -->
<testsuite hostname="DESKTOP-GU59BOE" failures="1" tests="3" name="runner.TestNGRunner" time="51.843" errors="0" timestamp="2022-09-24T21:37:43 BDT" skipped="0">
  <testcase classname="runner.TestNGRunner" name="runScenario" time="12.739">
    <failure message="expected [Your email or password is incorrect.(Intentionally Result Failing Text)] but found [Your email or password is incorrect.]" type="java.lang.AssertionError">
      <![CDATA[java.lang.AssertionError: expected [Your email or password is incorrect.(Intentionally Result Failing Text)] but found [Your email or password is incorrect.]
at org.testng.Assert.fail(Assert.java:110)
at org.testng.Assert.failNotEquals(Assert.java:1413)
at org.testng.Assert.assertEqualsImpl(Assert.java:149)
at org.testng.Assert.assertEquals(Assert.java:131)
at org.testng.Assert.assertEquals(Assert.java:655)
at org.testng.Assert.assertEquals(Assert.java:665)
at steps.LoginSteps.loginShouldFailWithAnError(LoginSteps.java:71)
at ✽.login should fail with an error "Your email or password is incorrect.(Intentionally Result Failing Text)"(file:///C:/Users/Asus/IdeaProjects/cucumber-htnl-report-demo/src/test/resources/features/login.feature:31)
]]>
    </failure>
  </testcase> <!-- runScenario -->
  <system-out/>
  <testcase classname="runner.TestNGRunner" name="runScenario" time="22.352"/>
  <system-out/>
  <testcase classname="runner.TestNGRunner" name="runScenario" time="16.752"/>
  <system-out/>
</testsuite> <!-- runner.TestNGRunner -->
